{"/Users/gisellehoekveldsilva/Development/www/paroquiasaojosecaraguatatuba/serverless-crypto-utils/vitest.config.ts": {"path":"/Users/gisellehoekveldsilva/Development/www/paroquiasaojosecaraguatatuba/serverless-crypto-utils/vitest.config.ts","all":true,"statementMap":{"1":{"start":{"line":2,"column":0},"end":{"line":2,"column":44}},"3":{"start":{"line":4,"column":0},"end":{"line":4,"column":29}},"4":{"start":{"line":5,"column":0},"end":{"line":5,"column":9}},"6":{"start":{"line":7,"column":0},"end":{"line":7,"column":18}},"7":{"start":{"line":8,"column":0},"end":{"line":8,"column":24}},"10":{"start":{"line":11,"column":0},"end":{"line":11,"column":23}},"13":{"start":{"line":14,"column":0},"end":{"line":14,"column":64}},"16":{"start":{"line":17,"column":0},"end":{"line":17,"column":38}},"19":{"start":{"line":20,"column":0},"end":{"line":20,"column":65}},"22":{"start":{"line":23,"column":0},"end":{"line":23,"column":15}},"23":{"start":{"line":24,"column":0},"end":{"line":24,"column":21}},"24":{"start":{"line":25,"column":0},"end":{"line":25,"column":41}},"25":{"start":{"line":26,"column":0},"end":{"line":26,"column":16}},"26":{"start":{"line":27,"column":0},"end":{"line":27,"column":24}},"27":{"start":{"line":28,"column":0},"end":{"line":28,"column":16}},"28":{"start":{"line":29,"column":0},"end":{"line":29,"column":17}},"29":{"start":{"line":30,"column":0},"end":{"line":30,"column":20}},"30":{"start":{"line":31,"column":0},"end":{"line":31,"column":7}},"31":{"start":{"line":32,"column":0},"end":{"line":32,"column":5}},"32":{"start":{"line":33,"column":0},"end":{"line":33,"column":3}},"33":{"start":{"line":34,"column":0},"end":{"line":34,"column":2}}},"s":{"1":0,"3":0,"4":0,"6":0,"7":0,"10":0,"13":0,"16":0,"19":0,"22":0,"23":0,"24":0,"25":0,"26":0,"27":0,"28":0,"29":0,"30":0,"31":0,"32":0,"33":0},"branchMap":{"0":{"type":"branch","line":1,"loc":{"start":{"line":1,"column":778},"end":{"line":34,"column":2}},"locations":[{"start":{"line":1,"column":778},"end":{"line":34,"column":2}}]}},"b":{"0":[1]},"fnMap":{"0":{"name":"(empty-report)","decl":{"start":{"line":1,"column":778},"end":{"line":34,"column":2}},"loc":{"start":{"line":1,"column":778},"end":{"line":34,"column":2}},"line":1}},"f":{"0":1}}
,"/Users/gisellehoekveldsilva/Development/www/paroquiasaojosecaraguatatuba/serverless-crypto-utils/src/access-token.ts": {"path":"/Users/gisellehoekveldsilva/Development/www/paroquiasaojosecaraguatatuba/serverless-crypto-utils/src/access-token.ts","all":false,"statementMap":{"12":{"start":{"line":13,"column":0},"end":{"line":13,"column":28}},"13":{"start":{"line":14,"column":0},"end":{"line":14,"column":36}},"14":{"start":{"line":15,"column":0},"end":{"line":15,"column":66}},"15":{"start":{"line":16,"column":0},"end":{"line":16,"column":34}},"16":{"start":{"line":17,"column":0},"end":{"line":17,"column":32}},"17":{"start":{"line":18,"column":0},"end":{"line":18,"column":44}},"18":{"start":{"line":19,"column":0},"end":{"line":19,"column":42}},"19":{"start":{"line":20,"column":0},"end":{"line":20,"column":41}},"29":{"start":{"line":30,"column":0},"end":{"line":30,"column":65}},"30":{"start":{"line":31,"column":0},"end":{"line":31,"column":40}},"31":{"start":{"line":32,"column":0},"end":{"line":32,"column":39}},"32":{"start":{"line":33,"column":0},"end":{"line":33,"column":10}},"33":{"start":{"line":34,"column":0},"end":{"line":34,"column":38}},"34":{"start":{"line":35,"column":0},"end":{"line":35,"column":38}},"35":{"start":{"line":36,"column":0},"end":{"line":36,"column":10}},"36":{"start":{"line":37,"column":0},"end":{"line":37,"column":22}},"37":{"start":{"line":38,"column":0},"end":{"line":38,"column":4}},"38":{"start":{"line":39,"column":0},"end":{"line":39,"column":2}},"45":{"start":{"line":46,"column":0},"end":{"line":46,"column":68}},"46":{"start":{"line":47,"column":0},"end":{"line":47,"column":40}},"50":{"start":{"line":51,"column":0},"end":{"line":51,"column":38}},"51":{"start":{"line":52,"column":0},"end":{"line":52,"column":59}},"54":{"start":{"line":55,"column":0},"end":{"line":55,"column":54}},"55":{"start":{"line":56,"column":0},"end":{"line":56,"column":52}},"57":{"start":{"line":58,"column":0},"end":{"line":58,"column":39}},"58":{"start":{"line":59,"column":0},"end":{"line":59,"column":10}},"59":{"start":{"line":60,"column":0},"end":{"line":60,"column":13}},"60":{"start":{"line":61,"column":0},"end":{"line":61,"column":37}},"61":{"start":{"line":62,"column":0},"end":{"line":62,"column":9}},"62":{"start":{"line":63,"column":0},"end":{"line":63,"column":26}},"63":{"start":{"line":64,"column":0},"end":{"line":64,"column":4}},"64":{"start":{"line":65,"column":0},"end":{"line":65,"column":2}},"71":{"start":{"line":72,"column":0},"end":{"line":72,"column":81}},"72":{"start":{"line":73,"column":0},"end":{"line":73,"column":42}},"73":{"start":{"line":74,"column":0},"end":{"line":74,"column":56}},"74":{"start":{"line":75,"column":0},"end":{"line":75,"column":49}},"75":{"start":{"line":76,"column":0},"end":{"line":76,"column":46}},"76":{"start":{"line":77,"column":0},"end":{"line":77,"column":3}},"77":{"start":{"line":78,"column":0},"end":{"line":78,"column":19}},"78":{"start":{"line":79,"column":0},"end":{"line":79,"column":2}},"85":{"start":{"line":86,"column":0},"end":{"line":86,"column":65}},"86":{"start":{"line":87,"column":0},"end":{"line":87,"column":49}},"87":{"start":{"line":88,"column":0},"end":{"line":88,"column":2}},"97":{"start":{"line":98,"column":0},"end":{"line":98,"column":36}},"98":{"start":{"line":99,"column":0},"end":{"line":99,"column":19}},"99":{"start":{"line":100,"column":0},"end":{"line":100,"column":14}},"100":{"start":{"line":101,"column":0},"end":{"line":101,"column":4}},"103":{"start":{"line":104,"column":0},"end":{"line":104,"column":24}},"105":{"start":{"line":106,"column":0},"end":{"line":106,"column":74}},"106":{"start":{"line":107,"column":0},"end":{"line":107,"column":40}},"107":{"start":{"line":108,"column":0},"end":{"line":108,"column":71}},"110":{"start":{"line":111,"column":0},"end":{"line":111,"column":54}},"111":{"start":{"line":112,"column":0},"end":{"line":112,"column":50}},"112":{"start":{"line":113,"column":0},"end":{"line":113,"column":18}},"113":{"start":{"line":114,"column":0},"end":{"line":114,"column":35}},"114":{"start":{"line":115,"column":0},"end":{"line":115,"column":4}},"116":{"start":{"line":117,"column":0},"end":{"line":117,"column":62}},"117":{"start":{"line":118,"column":0},"end":{"line":118,"column":84}},"119":{"start":{"line":120,"column":0},"end":{"line":120,"column":46}},"120":{"start":{"line":121,"column":0},"end":{"line":121,"column":2}},"129":{"start":{"line":130,"column":0},"end":{"line":130,"column":36}},"130":{"start":{"line":131,"column":0},"end":{"line":131,"column":19}},"131":{"start":{"line":132,"column":0},"end":{"line":132,"column":11}},"132":{"start":{"line":133,"column":0},"end":{"line":133,"column":22}},"133":{"start":{"line":134,"column":0},"end":{"line":134,"column":4}},"137":{"start":{"line":138,"column":0},"end":{"line":138,"column":24}},"138":{"start":{"line":139,"column":0},"end":{"line":139,"column":71}},"139":{"start":{"line":140,"column":0},"end":{"line":140,"column":62}},"140":{"start":{"line":141,"column":0},"end":{"line":141,"column":71}},"143":{"start":{"line":144,"column":0},"end":{"line":144,"column":54}},"144":{"start":{"line":145,"column":0},"end":{"line":145,"column":50}},"145":{"start":{"line":146,"column":0},"end":{"line":146,"column":18}},"146":{"start":{"line":147,"column":0},"end":{"line":147,"column":22}},"147":{"start":{"line":148,"column":0},"end":{"line":148,"column":4}},"149":{"start":{"line":150,"column":0},"end":{"line":150,"column":40}},"150":{"start":{"line":151,"column":0},"end":{"line":151,"column":45}},"151":{"start":{"line":152,"column":0},"end":{"line":152,"column":2}},"170":{"start":{"line":171,"column":0},"end":{"line":171,"column":41}},"171":{"start":{"line":172,"column":0},"end":{"line":172,"column":19}},"172":{"start":{"line":173,"column":0},"end":{"line":173,"column":16}},"173":{"start":{"line":174,"column":0},"end":{"line":174,"column":10}},"174":{"start":{"line":175,"column":0},"end":{"line":175,"column":26}},"175":{"start":{"line":176,"column":0},"end":{"line":176,"column":4}},"180":{"start":{"line":181,"column":0},"end":{"line":181,"column":21}},"182":{"start":{"line":183,"column":0},"end":{"line":183,"column":77}},"183":{"start":{"line":184,"column":0},"end":{"line":184,"column":33}},"184":{"start":{"line":185,"column":0},"end":{"line":185,"column":15}},"185":{"start":{"line":186,"column":0},"end":{"line":186,"column":49}},"186":{"start":{"line":187,"column":0},"end":{"line":187,"column":4}},"188":{"start":{"line":189,"column":0},"end":{"line":189,"column":66}},"191":{"start":{"line":192,"column":0},"end":{"line":192,"column":40}},"192":{"start":{"line":193,"column":0},"end":{"line":193,"column":71}},"195":{"start":{"line":196,"column":0},"end":{"line":196,"column":58}},"196":{"start":{"line":197,"column":0},"end":{"line":197,"column":21}},"197":{"start":{"line":198,"column":0},"end":{"line":198,"column":35}},"198":{"start":{"line":199,"column":0},"end":{"line":199,"column":5}},"201":{"start":{"line":202,"column":0},"end":{"line":202,"column":51}},"202":{"start":{"line":203,"column":0},"end":{"line":203,"column":11}},"203":{"start":{"line":204,"column":0},"end":{"line":204,"column":21}},"204":{"start":{"line":205,"column":0},"end":{"line":205,"column":41}},"205":{"start":{"line":206,"column":0},"end":{"line":206,"column":4}},"207":{"start":{"line":208,"column":0},"end":{"line":208,"column":31}},"208":{"start":{"line":209,"column":0},"end":{"line":209,"column":59}},"209":{"start":{"line":210,"column":0},"end":{"line":210,"column":4}},"212":{"start":{"line":213,"column":0},"end":{"line":213,"column":54}},"213":{"start":{"line":214,"column":0},"end":{"line":214,"column":1}},"235":{"start":{"line":236,"column":0},"end":{"line":236,"column":45}},"236":{"start":{"line":237,"column":0},"end":{"line":237,"column":19}},"237":{"start":{"line":238,"column":0},"end":{"line":238,"column":16}},"238":{"start":{"line":239,"column":0},"end":{"line":239,"column":14}},"239":{"start":{"line":240,"column":0},"end":{"line":240,"column":4}},"243":{"start":{"line":244,"column":0},"end":{"line":244,"column":34}},"244":{"start":{"line":245,"column":0},"end":{"line":245,"column":7}},"245":{"start":{"line":246,"column":0},"end":{"line":246,"column":42}},"246":{"start":{"line":247,"column":0},"end":{"line":247,"column":76}},"249":{"start":{"line":250,"column":0},"end":{"line":250,"column":46}},"251":{"start":{"line":252,"column":0},"end":{"line":252,"column":34}},"252":{"start":{"line":253,"column":0},"end":{"line":253,"column":14}},"253":{"start":{"line":254,"column":0},"end":{"line":254,"column":23}},"254":{"start":{"line":255,"column":0},"end":{"line":255,"column":16}},"255":{"start":{"line":256,"column":0},"end":{"line":256,"column":46}},"256":{"start":{"line":257,"column":0},"end":{"line":257,"column":85}},"257":{"start":{"line":258,"column":0},"end":{"line":258,"column":65}},"258":{"start":{"line":259,"column":0},"end":{"line":259,"column":9}},"259":{"start":{"line":260,"column":0},"end":{"line":260,"column":8}},"260":{"start":{"line":261,"column":0},"end":{"line":261,"column":5}},"262":{"start":{"line":263,"column":0},"end":{"line":263,"column":72}},"263":{"start":{"line":264,"column":0},"end":{"line":264,"column":65}},"266":{"start":{"line":267,"column":0},"end":{"line":267,"column":39}},"267":{"start":{"line":268,"column":0},"end":{"line":268,"column":9}},"268":{"start":{"line":269,"column":0},"end":{"line":269,"column":58}},"269":{"start":{"line":270,"column":0},"end":{"line":270,"column":25}},"270":{"start":{"line":271,"column":0},"end":{"line":271,"column":17}},"271":{"start":{"line":272,"column":0},"end":{"line":272,"column":28}},"272":{"start":{"line":273,"column":0},"end":{"line":273,"column":9}},"273":{"start":{"line":274,"column":0},"end":{"line":274,"column":21}},"274":{"start":{"line":275,"column":0},"end":{"line":275,"column":14}},"275":{"start":{"line":276,"column":0},"end":{"line":276,"column":23}},"276":{"start":{"line":277,"column":0},"end":{"line":277,"column":16}},"277":{"start":{"line":278,"column":0},"end":{"line":278,"column":49}},"278":{"start":{"line":279,"column":0},"end":{"line":279,"column":53}},"279":{"start":{"line":280,"column":0},"end":{"line":280,"column":92}},"280":{"start":{"line":281,"column":0},"end":{"line":281,"column":9}},"281":{"start":{"line":282,"column":0},"end":{"line":282,"column":8}},"282":{"start":{"line":283,"column":0},"end":{"line":283,"column":5}},"285":{"start":{"line":286,"column":0},"end":{"line":286,"column":56}},"286":{"start":{"line":287,"column":0},"end":{"line":287,"column":13}},"287":{"start":{"line":288,"column":0},"end":{"line":288,"column":26}},"288":{"start":{"line":289,"column":0},"end":{"line":289,"column":21}},"289":{"start":{"line":290,"column":0},"end":{"line":290,"column":48}},"290":{"start":{"line":291,"column":0},"end":{"line":291,"column":6}},"292":{"start":{"line":293,"column":0},"end":{"line":293,"column":28}},"293":{"start":{"line":294,"column":0},"end":{"line":294,"column":14}},"294":{"start":{"line":295,"column":0},"end":{"line":295,"column":23}},"295":{"start":{"line":296,"column":0},"end":{"line":296,"column":16}},"296":{"start":{"line":297,"column":0},"end":{"line":297,"column":61}},"297":{"start":{"line":298,"column":0},"end":{"line":298,"column":56}},"298":{"start":{"line":299,"column":0},"end":{"line":299,"column":9}},"299":{"start":{"line":300,"column":0},"end":{"line":300,"column":8}},"300":{"start":{"line":301,"column":0},"end":{"line":301,"column":5}},"303":{"start":{"line":304,"column":0},"end":{"line":304,"column":22}},"304":{"start":{"line":305,"column":0},"end":{"line":305,"column":9}},"305":{"start":{"line":306,"column":0},"end":{"line":306,"column":57}},"306":{"start":{"line":307,"column":0},"end":{"line":307,"column":13}},"307":{"start":{"line":308,"column":0},"end":{"line":308,"column":14}},"308":{"start":{"line":309,"column":0},"end":{"line":309,"column":23}},"309":{"start":{"line":310,"column":0},"end":{"line":310,"column":16}},"310":{"start":{"line":311,"column":0},"end":{"line":311,"column":44}},"311":{"start":{"line":312,"column":0},"end":{"line":312,"column":52}},"312":{"start":{"line":313,"column":0},"end":{"line":313,"column":9}},"313":{"start":{"line":314,"column":0},"end":{"line":314,"column":8}},"314":{"start":{"line":315,"column":0},"end":{"line":315,"column":5}},"316":{"start":{"line":317,"column":0},"end":{"line":317,"column":57}},"318":{"start":{"line":319,"column":0},"end":{"line":319,"column":31}},"319":{"start":{"line":320,"column":0},"end":{"line":320,"column":14}},"320":{"start":{"line":321,"column":0},"end":{"line":321,"column":23}},"321":{"start":{"line":322,"column":0},"end":{"line":322,"column":16}},"322":{"start":{"line":323,"column":0},"end":{"line":323,"column":50}},"323":{"start":{"line":324,"column":0},"end":{"line":324,"column":63}},"324":{"start":{"line":325,"column":0},"end":{"line":325,"column":9}},"325":{"start":{"line":326,"column":0},"end":{"line":326,"column":8}},"326":{"start":{"line":327,"column":0},"end":{"line":327,"column":5}},"328":{"start":{"line":329,"column":0},"end":{"line":329,"column":40}},"329":{"start":{"line":330,"column":0},"end":{"line":330,"column":72}},"331":{"start":{"line":332,"column":0},"end":{"line":332,"column":49}},"332":{"start":{"line":333,"column":0},"end":{"line":333,"column":14}},"333":{"start":{"line":334,"column":0},"end":{"line":334,"column":23}},"334":{"start":{"line":335,"column":0},"end":{"line":335,"column":16}},"335":{"start":{"line":336,"column":0},"end":{"line":336,"column":45}},"336":{"start":{"line":337,"column":0},"end":{"line":337,"column":46}},"337":{"start":{"line":338,"column":0},"end":{"line":338,"column":21}},"338":{"start":{"line":339,"column":0},"end":{"line":339,"column":43}},"339":{"start":{"line":340,"column":0},"end":{"line":340,"column":65}},"340":{"start":{"line":341,"column":0},"end":{"line":341,"column":11}},"341":{"start":{"line":342,"column":0},"end":{"line":342,"column":9}},"342":{"start":{"line":343,"column":0},"end":{"line":343,"column":8}},"343":{"start":{"line":344,"column":0},"end":{"line":344,"column":5}},"345":{"start":{"line":346,"column":0},"end":{"line":346,"column":12}},"346":{"start":{"line":347,"column":0},"end":{"line":347,"column":20}},"347":{"start":{"line":348,"column":0},"end":{"line":348,"column":34}},"348":{"start":{"line":349,"column":0},"end":{"line":349,"column":6}},"350":{"start":{"line":351,"column":0},"end":{"line":351,"column":19}},"351":{"start":{"line":352,"column":0},"end":{"line":352,"column":12}},"352":{"start":{"line":353,"column":0},"end":{"line":353,"column":21}},"353":{"start":{"line":354,"column":0},"end":{"line":354,"column":14}},"354":{"start":{"line":355,"column":0},"end":{"line":355,"column":47}},"355":{"start":{"line":356,"column":0},"end":{"line":356,"column":62}},"356":{"start":{"line":357,"column":0},"end":{"line":357,"column":90}},"357":{"start":{"line":358,"column":0},"end":{"line":358,"column":7}},"358":{"start":{"line":359,"column":0},"end":{"line":359,"column":6}},"359":{"start":{"line":360,"column":0},"end":{"line":360,"column":3}},"360":{"start":{"line":361,"column":0},"end":{"line":361,"column":1}},"380":{"start":{"line":381,"column":0},"end":{"line":381,"column":41}},"381":{"start":{"line":382,"column":0},"end":{"line":382,"column":19}},"382":{"start":{"line":383,"column":0},"end":{"line":383,"column":16}},"383":{"start":{"line":384,"column":0},"end":{"line":384,"column":14}},"384":{"start":{"line":385,"column":0},"end":{"line":385,"column":4}},"388":{"start":{"line":389,"column":0},"end":{"line":389,"column":21}},"389":{"start":{"line":390,"column":0},"end":{"line":390,"column":40}},"390":{"start":{"line":391,"column":0},"end":{"line":391,"column":74}},"393":{"start":{"line":394,"column":0},"end":{"line":394,"column":82}},"395":{"start":{"line":396,"column":0},"end":{"line":396,"column":62}},"396":{"start":{"line":397,"column":0},"end":{"line":397,"column":87}},"397":{"start":{"line":398,"column":0},"end":{"line":398,"column":3}},"399":{"start":{"line":400,"column":0},"end":{"line":400,"column":63}},"402":{"start":{"line":403,"column":0},"end":{"line":403,"column":60}},"403":{"start":{"line":404,"column":0},"end":{"line":404,"column":21}},"404":{"start":{"line":405,"column":0},"end":{"line":405,"column":13}},"405":{"start":{"line":406,"column":0},"end":{"line":406,"column":24}},"406":{"start":{"line":407,"column":0},"end":{"line":407,"column":5}},"409":{"start":{"line":410,"column":0},"end":{"line":410,"column":54}},"410":{"start":{"line":411,"column":0},"end":{"line":411,"column":11}},"411":{"start":{"line":412,"column":0},"end":{"line":412,"column":24}},"412":{"start":{"line":413,"column":0},"end":{"line":413,"column":19}},"413":{"start":{"line":414,"column":0},"end":{"line":414,"column":46}},"414":{"start":{"line":415,"column":0},"end":{"line":415,"column":4}},"416":{"start":{"line":417,"column":0},"end":{"line":417,"column":26}},"417":{"start":{"line":418,"column":0},"end":{"line":418,"column":75}},"418":{"start":{"line":419,"column":0},"end":{"line":419,"column":3}},"421":{"start":{"line":422,"column":0},"end":{"line":422,"column":20}},"422":{"start":{"line":423,"column":0},"end":{"line":423,"column":7}},"423":{"start":{"line":424,"column":0},"end":{"line":424,"column":55}},"424":{"start":{"line":425,"column":0},"end":{"line":425,"column":11}},"425":{"start":{"line":426,"column":0},"end":{"line":426,"column":71}},"426":{"start":{"line":427,"column":0},"end":{"line":427,"column":3}},"428":{"start":{"line":429,"column":0},"end":{"line":429,"column":55}},"430":{"start":{"line":431,"column":0},"end":{"line":431,"column":29}},"431":{"start":{"line":432,"column":0},"end":{"line":432,"column":74}},"432":{"start":{"line":433,"column":0},"end":{"line":433,"column":3}},"434":{"start":{"line":435,"column":0},"end":{"line":435,"column":38}},"435":{"start":{"line":436,"column":0},"end":{"line":436,"column":70}},"437":{"start":{"line":438,"column":0},"end":{"line":438,"column":47}},"438":{"start":{"line":439,"column":0},"end":{"line":439,"column":48}},"439":{"start":{"line":440,"column":0},"end":{"line":440,"column":3}},"441":{"start":{"line":442,"column":0},"end":{"line":442,"column":32}},"442":{"start":{"line":443,"column":0},"end":{"line":443,"column":1}}},"s":{"12":1,"13":1,"14":1,"15":1,"16":1,"17":1,"18":1,"19":1,"29":1,"30":62,"31":62,"32":62,"33":62,"34":62,"35":62,"36":62,"37":62,"38":62,"45":1,"46":61,"50":61,"51":61,"54":61,"55":61,"57":61,"58":61,"59":61,"60":61,"61":61,"62":61,"63":61,"64":61,"71":1,"72":87,"73":87,"74":87,"75":18379,"76":18379,"77":87,"78":87,"85":1,"86":64,"87":64,"97":1,"98":32,"99":32,"100":32,"103":32,"105":32,"106":32,"107":32,"110":32,"111":32,"112":32,"113":32,"114":32,"116":32,"117":32,"119":32,"120":32,"129":1,"130":29,"131":29,"132":29,"133":29,"137":29,"138":29,"139":29,"140":29,"143":29,"144":29,"145":29,"146":29,"147":29,"149":26,"150":26,"151":26,"170":32,"171":32,"172":32,"173":32,"174":32,"175":32,"180":32,"182":32,"183":32,"184":32,"185":32,"186":32,"188":32,"191":32,"192":32,"195":32,"196":32,"197":32,"198":32,"201":32,"202":32,"203":32,"204":32,"205":32,"207":32,"208":32,"209":32,"212":32,"213":32,"235":8,"236":8,"237":8,"238":8,"239":8,"243":8,"244":8,"245":8,"246":8,"249":8,"251":8,"252":1,"253":1,"254":1,"255":1,"256":1,"257":1,"258":1,"259":1,"260":1,"262":7,"263":7,"266":7,"267":7,"268":7,"269":7,"270":7,"271":7,"272":7,"273":8,"274":2,"275":2,"276":2,"277":2,"278":2,"279":2,"280":2,"281":2,"282":2,"285":5,"286":5,"287":5,"288":5,"289":5,"290":5,"292":8,"293":1,"294":1,"295":1,"296":1,"297":1,"298":1,"299":1,"300":1,"303":4,"304":4,"305":4,"306":8,"307":0,"308":0,"309":0,"310":0,"311":0,"312":0,"313":0,"314":0,"316":4,"318":8,"319":0,"320":0,"321":0,"322":0,"323":0,"324":0,"325":0,"326":0,"328":4,"329":4,"331":8,"332":3,"333":3,"334":3,"335":3,"336":3,"337":3,"338":3,"339":3,"340":3,"341":3,"342":3,"343":3,"345":1,"346":1,"347":1,"348":1,"350":8,"351":0,"352":0,"353":0,"354":0,"355":0,"356":0,"357":0,"358":0,"359":0,"360":8,"380":22,"381":22,"382":22,"383":22,"384":22,"388":22,"389":22,"390":22,"393":22,"395":22,"396":0,"397":0,"399":22,"402":22,"403":22,"404":22,"405":22,"406":22,"409":21,"410":21,"411":21,"412":21,"413":21,"414":21,"416":22,"417":1,"418":1,"421":20,"422":20,"423":20,"424":22,"425":0,"426":0,"428":20,"430":22,"431":0,"432":0,"434":20,"435":20,"437":22,"438":1,"439":1,"441":19,"442":19},"branchMap":{"0":{"type":"branch","line":13,"loc":{"start":{"line":13,"column":7},"end":{"line":13,"column":28}},"locations":[{"start":{"line":13,"column":7},"end":{"line":13,"column":28}}]},"1":{"type":"branch","line":30,"loc":{"start":{"line":30,"column":31},"end":{"line":39,"column":2}},"locations":[{"start":{"line":30,"column":31},"end":{"line":39,"column":2}}]},"2":{"type":"branch","line":46,"loc":{"start":{"line":46,"column":31},"end":{"line":65,"column":2}},"locations":[{"start":{"line":46,"column":31},"end":{"line":65,"column":2}}]},"3":{"type":"branch","line":72,"loc":{"start":{"line":72,"column":29},"end":{"line":79,"column":2}},"locations":[{"start":{"line":72,"column":29},"end":{"line":79,"column":2}}]},"4":{"type":"branch","line":75,"loc":{"start":{"line":75,"column":48},"end":{"line":77,"column":3}},"locations":[{"start":{"line":75,"column":48},"end":{"line":77,"column":3}}]},"5":{"type":"branch","line":86,"loc":{"start":{"line":86,"column":29},"end":{"line":88,"column":2}},"locations":[{"start":{"line":86,"column":29},"end":{"line":88,"column":2}}]},"6":{"type":"branch","line":98,"loc":{"start":{"line":98,"column":28},"end":{"line":121,"column":2}},"locations":[{"start":{"line":98,"column":28},"end":{"line":121,"column":2}}]},"7":{"type":"branch","line":130,"loc":{"start":{"line":130,"column":28},"end":{"line":152,"column":2}},"locations":[{"start":{"line":130,"column":28},"end":{"line":152,"column":2}}]},"8":{"type":"branch","line":148,"loc":{"start":{"line":148,"column":2},"end":{"line":152,"column":2}},"locations":[{"start":{"line":148,"column":2},"end":{"line":152,"column":2}}]},"9":{"type":"branch","line":171,"loc":{"start":{"line":171,"column":0},"end":{"line":214,"column":1}},"locations":[{"start":{"line":171,"column":0},"end":{"line":214,"column":1}}]},"10":{"type":"branch","line":236,"loc":{"start":{"line":236,"column":0},"end":{"line":361,"column":1}},"locations":[{"start":{"line":236,"column":0},"end":{"line":361,"column":1}}]},"11":{"type":"branch","line":252,"loc":{"start":{"line":252,"column":33},"end":{"line":261,"column":5}},"locations":[{"start":{"line":252,"column":33},"end":{"line":261,"column":5}}]},"12":{"type":"branch","line":261,"loc":{"start":{"line":261,"column":4},"end":{"line":273,"column":9}},"locations":[{"start":{"line":261,"column":4},"end":{"line":273,"column":9}}]},"13":{"type":"branch","line":273,"loc":{"start":{"line":273,"column":7},"end":{"line":274,"column":13}},"locations":[{"start":{"line":273,"column":7},"end":{"line":274,"column":13}}]},"14":{"type":"branch","line":274,"loc":{"start":{"line":274,"column":4},"end":{"line":283,"column":5}},"locations":[{"start":{"line":274,"column":4},"end":{"line":283,"column":5}}]},"15":{"type":"branch","line":280,"loc":{"start":{"line":280,"column":67},"end":{"line":280,"column":91}},"locations":[{"start":{"line":280,"column":67},"end":{"line":280,"column":91}}]},"16":{"type":"branch","line":283,"loc":{"start":{"line":283,"column":4},"end":{"line":293,"column":27}},"locations":[{"start":{"line":283,"column":4},"end":{"line":293,"column":27}}]},"17":{"type":"branch","line":293,"loc":{"start":{"line":293,"column":27},"end":{"line":301,"column":5}},"locations":[{"start":{"line":293,"column":27},"end":{"line":301,"column":5}}]},"18":{"type":"branch","line":301,"loc":{"start":{"line":301,"column":4},"end":{"line":307,"column":12}},"locations":[{"start":{"line":301,"column":4},"end":{"line":307,"column":12}}]},"19":{"type":"branch","line":307,"loc":{"start":{"line":307,"column":4},"end":{"line":315,"column":5}},"locations":[{"start":{"line":307,"column":4},"end":{"line":315,"column":5}}]},"20":{"type":"branch","line":315,"loc":{"start":{"line":315,"column":4},"end":{"line":317,"column":57}},"locations":[{"start":{"line":315,"column":4},"end":{"line":317,"column":57}}]},"21":{"type":"branch","line":319,"loc":{"start":{"line":319,"column":30},"end":{"line":327,"column":5}},"locations":[{"start":{"line":319,"column":30},"end":{"line":327,"column":5}}]},"22":{"type":"branch","line":327,"loc":{"start":{"line":327,"column":4},"end":{"line":332,"column":48}},"locations":[{"start":{"line":327,"column":4},"end":{"line":332,"column":48}}]},"23":{"type":"branch","line":332,"loc":{"start":{"line":332,"column":48},"end":{"line":344,"column":5}},"locations":[{"start":{"line":332,"column":48},"end":{"line":344,"column":5}}]},"24":{"type":"branch","line":344,"loc":{"start":{"line":344,"column":4},"end":{"line":351,"column":11}},"locations":[{"start":{"line":344,"column":4},"end":{"line":351,"column":11}}]},"25":{"type":"branch","line":351,"loc":{"start":{"line":351,"column":2},"end":{"line":360,"column":3}},"locations":[{"start":{"line":351,"column":2},"end":{"line":360,"column":3}}]},"26":{"type":"branch","line":381,"loc":{"start":{"line":381,"column":0},"end":{"line":443,"column":1}},"locations":[{"start":{"line":381,"column":0},"end":{"line":443,"column":1}}]},"27":{"type":"branch","line":396,"loc":{"start":{"line":396,"column":61},"end":{"line":398,"column":3}},"locations":[{"start":{"line":396,"column":61},"end":{"line":398,"column":3}}]},"28":{"type":"branch","line":407,"loc":{"start":{"line":407,"column":3},"end":{"line":417,"column":25}},"locations":[{"start":{"line":407,"column":3},"end":{"line":417,"column":25}}]},"29":{"type":"branch","line":417,"loc":{"start":{"line":417,"column":25},"end":{"line":419,"column":3}},"locations":[{"start":{"line":417,"column":25},"end":{"line":419,"column":3}}]},"30":{"type":"branch","line":419,"loc":{"start":{"line":419,"column":2},"end":{"line":425,"column":10}},"locations":[{"start":{"line":419,"column":2},"end":{"line":425,"column":10}}]},"31":{"type":"branch","line":425,"loc":{"start":{"line":425,"column":2},"end":{"line":427,"column":3}},"locations":[{"start":{"line":425,"column":2},"end":{"line":427,"column":3}}]},"32":{"type":"branch","line":427,"loc":{"start":{"line":427,"column":2},"end":{"line":429,"column":55}},"locations":[{"start":{"line":427,"column":2},"end":{"line":429,"column":55}}]},"33":{"type":"branch","line":431,"loc":{"start":{"line":431,"column":28},"end":{"line":433,"column":3}},"locations":[{"start":{"line":431,"column":28},"end":{"line":433,"column":3}}]},"34":{"type":"branch","line":433,"loc":{"start":{"line":433,"column":2},"end":{"line":438,"column":46}},"locations":[{"start":{"line":433,"column":2},"end":{"line":438,"column":46}}]},"35":{"type":"branch","line":438,"loc":{"start":{"line":438,"column":46},"end":{"line":440,"column":3}},"locations":[{"start":{"line":438,"column":46},"end":{"line":440,"column":3}}]},"36":{"type":"branch","line":440,"loc":{"start":{"line":440,"column":2},"end":{"line":443,"column":1}},"locations":[{"start":{"line":440,"column":2},"end":{"line":443,"column":1}}]}},"b":{"0":[3],"1":[62],"2":[61],"3":[87],"4":[18379],"5":[64],"6":[32],"7":[29],"8":[26],"9":[32],"10":[8],"11":[1],"12":[7],"13":[5],"14":[2],"15":[0],"16":[5],"17":[1],"18":[4],"19":[0],"20":[4],"21":[0],"22":[4],"23":[3],"24":[1],"25":[0],"26":[22],"27":[0],"28":[21],"29":[1],"30":[20],"31":[0],"32":[20],"33":[0],"34":[20],"35":[1],"36":[19]},"fnMap":{"0":{"name":"deriveHmacSignatureKey","decl":{"start":{"line":30,"column":31},"end":{"line":39,"column":2}},"loc":{"start":{"line":30,"column":31},"end":{"line":39,"column":2}},"line":30},"1":{"name":"deriveAesEncryptionKey","decl":{"start":{"line":46,"column":31},"end":{"line":65,"column":2}},"loc":{"start":{"line":46,"column":31},"end":{"line":65,"column":2}},"line":46},"2":{"name":"convertBase64ToBytes","decl":{"start":{"line":72,"column":29},"end":{"line":79,"column":2}},"loc":{"start":{"line":72,"column":29},"end":{"line":79,"column":2}},"line":72},"3":{"name":"convertBytesToBase64","decl":{"start":{"line":86,"column":29},"end":{"line":88,"column":2}},"loc":{"start":{"line":86,"column":29},"end":{"line":88,"column":2}},"line":86},"4":{"name":"encryptTokenPayload","decl":{"start":{"line":98,"column":28},"end":{"line":121,"column":2}},"loc":{"start":{"line":98,"column":28},"end":{"line":121,"column":2}},"line":98},"5":{"name":"decryptTokenPayload","decl":{"start":{"line":130,"column":28},"end":{"line":152,"column":2}},"loc":{"start":{"line":130,"column":28},"end":{"line":152,"column":2}},"line":130},"6":{"name":"createAccessToken","decl":{"start":{"line":171,"column":0},"end":{"line":214,"column":1}},"loc":{"start":{"line":171,"column":0},"end":{"line":214,"column":1}},"line":171},"7":{"name":"verifyAccessTokenSafe","decl":{"start":{"line":236,"column":0},"end":{"line":361,"column":1}},"loc":{"start":{"line":236,"column":0},"end":{"line":361,"column":1}},"line":236},"8":{"name":"verifyAccessToken","decl":{"start":{"line":381,"column":0},"end":{"line":443,"column":1}},"loc":{"start":{"line":381,"column":0},"end":{"line":443,"column":1}},"line":381}},"f":{"0":62,"1":61,"2":87,"3":64,"4":32,"5":29,"6":32,"7":8,"8":22}}
,"/Users/gisellehoekveldsilva/Development/www/paroquiasaojosecaraguatatuba/serverless-crypto-utils/src/id-generation.ts": {"path":"/Users/gisellehoekveldsilva/Development/www/paroquiasaojosecaraguatatuba/serverless-crypto-utils/src/id-generation.ts","all":false,"statementMap":{"0":{"start":{"line":1,"column":0},"end":{"line":1,"column":85}},"2":{"start":{"line":3,"column":0},"end":{"line":3,"column":65}},"3":{"start":{"line":4,"column":0},"end":{"line":4,"column":15}},"4":{"start":{"line":5,"column":0},"end":{"line":5,"column":36}},"5":{"start":{"line":6,"column":0},"end":{"line":6,"column":37}},"6":{"start":{"line":7,"column":0},"end":{"line":7,"column":35}},"7":{"start":{"line":8,"column":0},"end":{"line":8,"column":3}},"8":{"start":{"line":9,"column":0},"end":{"line":9,"column":13}},"9":{"start":{"line":10,"column":0},"end":{"line":10,"column":2}},"19":{"start":{"line":20,"column":0},"end":{"line":20,"column":35}},"20":{"start":{"line":21,"column":0},"end":{"line":21,"column":77}},"22":{"start":{"line":23,"column":0},"end":{"line":23,"column":31}},"23":{"start":{"line":24,"column":0},"end":{"line":24,"column":51}},"25":{"start":{"line":26,"column":0},"end":{"line":26,"column":21}},"26":{"start":{"line":27,"column":0},"end":{"line":27,"column":32}},"27":{"start":{"line":28,"column":0},"end":{"line":28,"column":41}},"28":{"start":{"line":29,"column":0},"end":{"line":29,"column":3}},"30":{"start":{"line":31,"column":0},"end":{"line":31,"column":34}},"31":{"start":{"line":32,"column":0},"end":{"line":32,"column":1}},"41":{"start":{"line":42,"column":0},"end":{"line":42,"column":37}},"42":{"start":{"line":43,"column":0},"end":{"line":43,"column":28}},"43":{"start":{"line":44,"column":0},"end":{"line":44,"column":1}}},"s":{"0":1,"2":1,"3":1001,"4":1001,"5":10010,"6":10010,"7":10010,"8":1001,"9":1001,"19":1,"20":1001,"22":1001,"23":1001,"25":1001,"26":1001,"27":16016,"28":16016,"30":1001,"31":1001,"41":1,"42":1001,"43":1001},"branchMap":{"0":{"type":"branch","line":3,"loc":{"start":{"line":3,"column":21},"end":{"line":10,"column":2}},"locations":[{"start":{"line":3,"column":21},"end":{"line":10,"column":2}}]},"1":{"type":"branch","line":5,"loc":{"start":{"line":5,"column":35},"end":{"line":8,"column":3}},"locations":[{"start":{"line":5,"column":35},"end":{"line":8,"column":3}}]},"2":{"type":"branch","line":20,"loc":{"start":{"line":20,"column":20},"end":{"line":32,"column":1}},"locations":[{"start":{"line":20,"column":20},"end":{"line":32,"column":1}}]},"3":{"type":"branch","line":27,"loc":{"start":{"line":27,"column":31},"end":{"line":29,"column":3}},"locations":[{"start":{"line":27,"column":31},"end":{"line":29,"column":3}}]},"4":{"type":"branch","line":21,"loc":{"start":{"line":21,"column":20},"end":{"line":21,"column":77}},"locations":[{"start":{"line":21,"column":20},"end":{"line":21,"column":77}}]},"5":{"type":"branch","line":42,"loc":{"start":{"line":42,"column":22},"end":{"line":44,"column":1}},"locations":[{"start":{"line":42,"column":22},"end":{"line":44,"column":1}}]}},"b":{"0":[1001],"1":[10010],"2":[1001],"3":[16016],"4":[16016],"5":[1001]},"fnMap":{"0":{"name":"encodeBase32","decl":{"start":{"line":3,"column":21},"end":{"line":10,"column":2}},"loc":{"start":{"line":3,"column":21},"end":{"line":10,"column":2}},"line":3},"1":{"name":"ulid","decl":{"start":{"line":20,"column":20},"end":{"line":32,"column":1}},"loc":{"start":{"line":20,"column":20},"end":{"line":32,"column":1}},"line":20},"2":{"name":"randomInt","decl":{"start":{"line":21,"column":20},"end":{"line":21,"column":77}},"loc":{"start":{"line":21,"column":20},"end":{"line":21,"column":77}},"line":21},"3":{"name":"uuidV4","decl":{"start":{"line":42,"column":22},"end":{"line":44,"column":1}},"loc":{"start":{"line":42,"column":22},"end":{"line":44,"column":1}},"line":42}},"f":{"0":1001,"1":1001,"2":16016,"3":1001}}
,"/Users/gisellehoekveldsilva/Development/www/paroquiasaojosecaraguatatuba/serverless-crypto-utils/src/index.ts": {"path":"/Users/gisellehoekveldsilva/Development/www/paroquiasaojosecaraguatatuba/serverless-crypto-utils/src/index.ts","all":false,"statementMap":{"0":{"start":{"line":1,"column":0},"end":{"line":1,"column":64}},"1":{"start":{"line":2,"column":0},"end":{"line":2,"column":45}},"2":{"start":{"line":3,"column":0},"end":{"line":3,"column":8}}},"s":{"0":1,"1":1,"2":1},"branchMap":{},"b":{},"fnMap":{},"f":{}}
,"/Users/gisellehoekveldsilva/Development/www/paroquiasaojosecaraguatatuba/serverless-crypto-utils/src/password-hashing.ts": {"path":"/Users/gisellehoekveldsilva/Development/www/paroquiasaojosecaraguatatuba/serverless-crypto-utils/src/password-hashing.ts","all":false,"statementMap":{"0":{"start":{"line":1,"column":0},"end":{"line":1,"column":53}},"16":{"start":{"line":17,"column":0},"end":{"line":17,"column":35}},"17":{"start":{"line":18,"column":0},"end":{"line":18,"column":20}},"18":{"start":{"line":19,"column":0},"end":{"line":19,"column":12}},"22":{"start":{"line":23,"column":0},"end":{"line":23,"column":8}},"23":{"start":{"line":24,"column":0},"end":{"line":24,"column":20}},"24":{"start":{"line":25,"column":0},"end":{"line":25,"column":32}},"27":{"start":{"line":28,"column":0},"end":{"line":28,"column":127}},"29":{"start":{"line":30,"column":0},"end":{"line":30,"column":39}},"32":{"start":{"line":33,"column":0},"end":{"line":33,"column":52}},"33":{"start":{"line":34,"column":0},"end":{"line":34,"column":10}},"34":{"start":{"line":35,"column":0},"end":{"line":35,"column":40}},"35":{"start":{"line":36,"column":0},"end":{"line":36,"column":23}},"36":{"start":{"line":37,"column":0},"end":{"line":37,"column":10}},"37":{"start":{"line":38,"column":0},"end":{"line":38,"column":18}},"38":{"start":{"line":39,"column":0},"end":{"line":39,"column":4}},"40":{"start":{"line":41,"column":0},"end":{"line":41,"column":57}},"41":{"start":{"line":42,"column":0},"end":{"line":42,"column":56}},"42":{"start":{"line":43,"column":0},"end":{"line":43,"column":3}},"44":{"start":{"line":45,"column":0},"end":{"line":45,"column":60}},"45":{"start":{"line":46,"column":0},"end":{"line":46,"column":58}},"46":{"start":{"line":47,"column":0},"end":{"line":47,"column":3}},"49":{"start":{"line":50,"column":0},"end":{"line":50,"column":64}},"50":{"start":{"line":51,"column":0},"end":{"line":51,"column":53}},"51":{"start":{"line":52,"column":0},"end":{"line":52,"column":5}},"52":{"start":{"line":53,"column":0},"end":{"line":53,"column":21}},"53":{"start":{"line":54,"column":0},"end":{"line":54,"column":11}},"54":{"start":{"line":55,"column":0},"end":{"line":55,"column":17}},"55":{"start":{"line":56,"column":0},"end":{"line":56,"column":21}},"56":{"start":{"line":57,"column":0},"end":{"line":57,"column":6}},"57":{"start":{"line":58,"column":0},"end":{"line":58,"column":16}},"58":{"start":{"line":59,"column":0},"end":{"line":59,"column":7}},"59":{"start":{"line":60,"column":0},"end":{"line":60,"column":4}},"62":{"start":{"line":63,"column":0},"end":{"line":63,"column":10}},"63":{"start":{"line":64,"column":0},"end":{"line":64,"column":15}},"64":{"start":{"line":65,"column":0},"end":{"line":65,"column":29}},"65":{"start":{"line":66,"column":0},"end":{"line":66,"column":28}},"66":{"start":{"line":67,"column":0},"end":{"line":67,"column":14}},"67":{"start":{"line":68,"column":0},"end":{"line":68,"column":1}},"81":{"start":{"line":82,"column":0},"end":{"line":82,"column":37}},"82":{"start":{"line":83,"column":0},"end":{"line":83,"column":20}},"83":{"start":{"line":84,"column":0},"end":{"line":84,"column":18}},"84":{"start":{"line":85,"column":0},"end":{"line":85,"column":12}},"86":{"start":{"line":87,"column":0},"end":{"line":87,"column":8}},"87":{"start":{"line":88,"column":0},"end":{"line":88,"column":21}},"88":{"start":{"line":89,"column":0},"end":{"line":89,"column":56}},"89":{"start":{"line":90,"column":0},"end":{"line":90,"column":43}},"90":{"start":{"line":91,"column":0},"end":{"line":91,"column":38}},"91":{"start":{"line":92,"column":0},"end":{"line":92,"column":46}},"92":{"start":{"line":93,"column":0},"end":{"line":93,"column":39}},"94":{"start":{"line":95,"column":0},"end":{"line":95,"column":32}},"95":{"start":{"line":96,"column":0},"end":{"line":96,"column":52}},"96":{"start":{"line":97,"column":0},"end":{"line":97,"column":10}},"97":{"start":{"line":98,"column":0},"end":{"line":98,"column":40}},"98":{"start":{"line":99,"column":0},"end":{"line":99,"column":23}},"99":{"start":{"line":100,"column":0},"end":{"line":100,"column":10}},"100":{"start":{"line":101,"column":0},"end":{"line":101,"column":18}},"101":{"start":{"line":102,"column":0},"end":{"line":102,"column":4}},"103":{"start":{"line":104,"column":0},"end":{"line":104,"column":53}},"104":{"start":{"line":105,"column":0},"end":{"line":105,"column":5}},"105":{"start":{"line":106,"column":0},"end":{"line":106,"column":21}},"106":{"start":{"line":107,"column":0},"end":{"line":107,"column":11}},"107":{"start":{"line":108,"column":0},"end":{"line":108,"column":17}},"108":{"start":{"line":109,"column":0},"end":{"line":109,"column":21}},"109":{"start":{"line":110,"column":0},"end":{"line":110,"column":6}},"110":{"start":{"line":111,"column":0},"end":{"line":111,"column":16}},"111":{"start":{"line":112,"column":0},"end":{"line":112,"column":27}},"112":{"start":{"line":113,"column":0},"end":{"line":113,"column":4}},"114":{"start":{"line":115,"column":0},"end":{"line":115,"column":49}},"117":{"start":{"line":118,"column":0},"end":{"line":118,"column":62}},"118":{"start":{"line":119,"column":0},"end":{"line":119,"column":59}},"119":{"start":{"line":120,"column":0},"end":{"line":120,"column":1}}},"s":{"0":1,"16":8,"17":8,"18":8,"22":8,"23":8,"24":8,"27":8,"29":8,"32":8,"33":8,"34":8,"35":8,"36":8,"37":8,"38":8,"40":8,"41":1,"42":1,"44":8,"45":1,"46":1,"49":8,"50":8,"51":8,"52":8,"53":8,"54":8,"55":8,"56":8,"57":8,"58":8,"59":8,"62":6,"63":6,"64":6,"65":6,"66":6,"67":6,"81":4,"82":4,"83":4,"84":4,"86":4,"87":4,"88":4,"89":4,"90":4,"91":4,"92":4,"94":4,"95":4,"96":4,"97":4,"98":4,"99":4,"100":4,"101":4,"103":4,"104":4,"105":4,"106":4,"107":4,"108":4,"109":4,"110":4,"111":4,"112":4,"114":4,"117":4,"118":4,"119":4},"branchMap":{"0":{"type":"branch","line":17,"loc":{"start":{"line":17,"column":0},"end":{"line":68,"column":1}},"locations":[{"start":{"line":17,"column":0},"end":{"line":68,"column":1}}]},"1":{"type":"branch","line":28,"loc":{"start":{"line":28,"column":24},"end":{"line":28,"column":84}},"locations":[{"start":{"line":28,"column":24},"end":{"line":28,"column":84}}]},"2":{"type":"branch","line":28,"loc":{"start":{"line":28,"column":79},"end":{"line":28,"column":127}},"locations":[{"start":{"line":28,"column":79},"end":{"line":28,"column":127}}]},"3":{"type":"branch","line":30,"loc":{"start":{"line":30,"column":26},"end":{"line":30,"column":39}},"locations":[{"start":{"line":30,"column":26},"end":{"line":30,"column":39}}]},"4":{"type":"branch","line":41,"loc":{"start":{"line":41,"column":15},"end":{"line":41,"column":56}},"locations":[{"start":{"line":41,"column":15},"end":{"line":41,"column":56}}]},"5":{"type":"branch","line":41,"loc":{"start":{"line":41,"column":56},"end":{"line":43,"column":3}},"locations":[{"start":{"line":41,"column":56},"end":{"line":43,"column":3}}]},"6":{"type":"branch","line":43,"loc":{"start":{"line":43,"column":2},"end":{"line":45,"column":29}},"locations":[{"start":{"line":43,"column":2},"end":{"line":45,"column":29}}]},"7":{"type":"branch","line":45,"loc":{"start":{"line":45,"column":15},"end":{"line":45,"column":59}},"locations":[{"start":{"line":45,"column":15},"end":{"line":45,"column":59}}]},"8":{"type":"branch","line":45,"loc":{"start":{"line":45,"column":59},"end":{"line":47,"column":3}},"locations":[{"start":{"line":45,"column":59},"end":{"line":47,"column":3}}]},"9":{"type":"branch","line":47,"loc":{"start":{"line":47,"column":2},"end":{"line":50,"column":44}},"locations":[{"start":{"line":47,"column":2},"end":{"line":50,"column":44}}]},"10":{"type":"branch","line":50,"loc":{"start":{"line":50,"column":30},"end":{"line":50,"column":64}},"locations":[{"start":{"line":50,"column":30},"end":{"line":50,"column":64}}]},"11":{"type":"branch","line":60,"loc":{"start":{"line":60,"column":2},"end":{"line":68,"column":1}},"locations":[{"start":{"line":60,"column":2},"end":{"line":68,"column":1}}]},"12":{"type":"branch","line":82,"loc":{"start":{"line":82,"column":0},"end":{"line":120,"column":1}},"locations":[{"start":{"line":82,"column":0},"end":{"line":120,"column":1}}]},"13":{"type":"branch","line":93,"loc":{"start":{"line":93,"column":26},"end":{"line":93,"column":39}},"locations":[{"start":{"line":93,"column":26},"end":{"line":93,"column":39}}]},"14":{"type":"branch","line":118,"loc":{"start":{"line":118,"column":49},"end":{"line":118,"column":62}},"locations":[{"start":{"line":118,"column":49},"end":{"line":118,"column":62}}]},"15":{"type":"branch","line":119,"loc":{"start":{"line":119,"column":26},"end":{"line":119,"column":57}},"locations":[{"start":{"line":119,"column":26},"end":{"line":119,"column":57}}]}},"b":{"0":[8],"1":[1],"2":[7],"3":[6],"4":[3],"5":[1],"6":[7],"7":[2],"8":[1],"9":[6],"10":[5],"11":[6],"12":[4],"13":[2],"14":[0],"15":[66]},"fnMap":{"0":{"name":"hashPassword","decl":{"start":{"line":17,"column":0},"end":{"line":68,"column":1}},"loc":{"start":{"line":17,"column":0},"end":{"line":68,"column":1}},"line":17},"1":{"name":"verifyPassword","decl":{"start":{"line":82,"column":0},"end":{"line":120,"column":1}},"loc":{"start":{"line":82,"column":0},"end":{"line":120,"column":1}},"line":82}},"f":{"0":8,"1":4}}
,"/Users/gisellehoekveldsilva/Development/www/paroquiasaojosecaraguatatuba/serverless-crypto-utils/src/utils.ts": {"path":"/Users/gisellehoekveldsilva/Development/www/paroquiasaojosecaraguatatuba/serverless-crypto-utils/src/utils.ts","all":false,"statementMap":{"0":{"start":{"line":1,"column":0},"end":{"line":1,"column":57}},"1":{"start":{"line":2,"column":0},"end":{"line":2,"column":60}},"2":{"start":{"line":3,"column":0},"end":{"line":3,"column":64}},"3":{"start":{"line":4,"column":0},"end":{"line":4,"column":1}},"5":{"start":{"line":6,"column":0},"end":{"line":6,"column":75}},"6":{"start":{"line":7,"column":0},"end":{"line":7,"column":65}},"7":{"start":{"line":8,"column":0},"end":{"line":8,"column":27}},"8":{"start":{"line":9,"column":0},"end":{"line":9,"column":51}},"9":{"start":{"line":10,"column":0},"end":{"line":10,"column":1}}},"s":{"0":1,"1":13,"2":13,"3":13,"5":1,"6":9,"7":9,"8":9,"9":9},"branchMap":{"0":{"type":"branch","line":1,"loc":{"start":{"line":1,"column":7},"end":{"line":4,"column":1}},"locations":[{"start":{"line":1,"column":7},"end":{"line":4,"column":1}}]},"1":{"type":"branch","line":6,"loc":{"start":{"line":6,"column":7},"end":{"line":10,"column":1}},"locations":[{"start":{"line":6,"column":7},"end":{"line":10,"column":1}}]},"2":{"type":"branch","line":9,"loc":{"start":{"line":9,"column":30},"end":{"line":9,"column":50}},"locations":[{"start":{"line":9,"column":30},"end":{"line":9,"column":50}}]}},"b":{"0":[13],"1":[9],"2":[198]},"fnMap":{"0":{"name":"toBase64Url","decl":{"start":{"line":1,"column":7},"end":{"line":4,"column":1}},"loc":{"start":{"line":1,"column":7},"end":{"line":4,"column":1}},"line":1},"1":{"name":"fromBase64Url","decl":{"start":{"line":6,"column":7},"end":{"line":10,"column":1}},"loc":{"start":{"line":6,"column":7},"end":{"line":10,"column":1}},"line":6}},"f":{"0":13,"1":9}}
}
